current directory: /Users/tinh/Projects/app/app75_5/vendor/bundle/ruby/2.7.0/gems/ffi-1.17.2/ext/ffi_c
/Users/tinh/.rvm/rubies/ruby-2.7.6/bin/ruby -I /Users/tinh/.rvm/rubies/ruby-2.7.6/lib/ruby/2.7.0 -r ./siteconf20251123-35784-1pwbarc.rb extconf.rb
checking for ffi_prep_closure_loc() in -lffi... no
checking for ffi_prep_closure_loc() in -llibffi... no
checking for ffi_prep_closure_loc() in -llibffi-8... no
checking for whether -Wl,--exclude-libs,ALL is accepted as LDFLAGS... no
checking for rb_gc_mark_movable()... yes
checking for whether -pthread is accepted as LDFLAGS... yes
creating extconf.h
creating Makefile

current directory: /Users/tinh/Projects/app/app75_5/vendor/bundle/ruby/2.7.0/gems/ffi-1.17.2/ext/ffi_c
make "DESTDIR=" clean

current directory: /Users/tinh/Projects/app/app75_5/vendor/bundle/ruby/2.7.0/gems/ffi-1.17.2/ext/ffi_c
make "DESTDIR="
Configuring libffi
clang: error: unsupported option '-print-multi-os-directory'
clang: error: no input files
cd "/Users/tinh/Projects/app/app75_5/vendor/bundle/ruby/2.7.0/gems/ffi-1.17.2/ext/ffi_c/libffi-x86_64-darwin22" && /Applications/Xcode.app/Contents/Developer/usr/bin/make
/Applications/Xcode.app/Contents/Developer/usr/bin/make  all-recursive
Making all in include
make[3]: Nothing to be done for `all'.
Making all in testsuite
make[3]: Nothing to be done for `all'.
Making all in man
make[3]: Nothing to be done for `all'.
/bin/sh ./libtool  --tag=CC   --mode=compile gcc -DHAVE_CONFIG_H -I. -I/Users/tinh/Projects/app/app75_5/vendor/bundle/ruby/2.7.0/gems/ffi-1.17.2/ext/ffi_c/libffi  -I. -I/Users/tinh/Projects/app/app75_5/vendor/bundle/ruby/2.7.0/gems/ffi-1.17.2/ext/ffi_c/libffi/include -Iinclude -I/Users/tinh/Projects/app/app75_5/vendor/bundle/ruby/2.7.0/gems/ffi-1.17.2/ext/ffi_c/libffi/src   -Wall  -fexceptions -c -o src/prep_cif.lo /Users/tinh/Projects/app/app75_5/vendor/bundle/ruby/2.7.0/gems/ffi-1.17.2/ext/ffi_c/libffi/src/prep_cif.c
libtool: compile:  gcc -DHAVE_CONFIG_H -I. -I/Users/tinh/Projects/app/app75_5/vendor/bundle/ruby/2.7.0/gems/ffi-1.17.2/ext/ffi_c/libffi -I. -I/Users/tinh/Projects/app/app75_5/vendor/bundle/ruby/2.7.0/gems/ffi-1.17.2/ext/ffi_c/libffi/include -Iinclude -I/Users/tinh/Projects/app/app75_5/vendor/bundle/ruby/2.7.0/gems/ffi-1.17.2/ext/ffi_c/libffi/src -Wall -fexceptions -c /Users/tinh/Projects/app/app75_5/vendor/bundle/ruby/2.7.0/gems/ffi-1.17.2/ext/ffi_c/libffi/src/prep_cif.c  -fno-common -DPIC -o src/prep_cif.o
/bin/sh ./libtool  --tag=CC   --mode=compile gcc -DHAVE_CONFIG_H -I. -I/Users/tinh/Projects/app/app75_5/vendor/bundle/ruby/2.7.0/gems/ffi-1.17.2/ext/ffi_c/libffi  -I. -I/Users/tinh/Projects/app/app75_5/vendor/bundle/ruby/2.7.0/gems/ffi-1.17.2/ext/ffi_c/libffi/include -Iinclude -I/Users/tinh/Projects/app/app75_5/vendor/bundle/ruby/2.7.0/gems/ffi-1.17.2/ext/ffi_c/libffi/src   -Wall  -fexceptions -c -o src/types.lo /Users/tinh/Projects/app/app75_5/vendor/bundle/ruby/2.7.0/gems/ffi-1.17.2/ext/ffi_c/libffi/src/types.c
libtool: compile:  gcc -DHAVE_CONFIG_H -I. -I/Users/tinh/Projects/app/app75_5/vendor/bundle/ruby/2.7.0/gems/ffi-1.17.2/ext/ffi_c/libffi -I. -I/Users/tinh/Projects/app/app75_5/vendor/bundle/ruby/2.7.0/gems/ffi-1.17.2/ext/ffi_c/libffi/include -Iinclude -I/Users/tinh/Projects/app/app75_5/vendor/bundle/ruby/2.7.0/gems/ffi-1.17.2/ext/ffi_c/libffi/src -Wall -fexceptions -c /Users/tinh/Projects/app/app75_5/vendor/bundle/ruby/2.7.0/gems/ffi-1.17.2/ext/ffi_c/libffi/src/types.c  -fno-common -DPIC -o src/types.o
/bin/sh ./libtool  --tag=CC   --mode=compile gcc -DHAVE_CONFIG_H -I. -I/Users/tinh/Projects/app/app75_5/vendor/bundle/ruby/2.7.0/gems/ffi-1.17.2/ext/ffi_c/libffi  -I. -I/Users/tinh/Projects/app/app75_5/vendor/bundle/ruby/2.7.0/gems/ffi-1.17.2/ext/ffi_c/libffi/include -Iinclude -I/Users/tinh/Projects/app/app75_5/vendor/bundle/ruby/2.7.0/gems/ffi-1.17.2/ext/ffi_c/libffi/src   -Wall  -fexceptions -c -o src/raw_api.lo /Users/tinh/Projects/app/app75_5/vendor/bundle/ruby/2.7.0/gems/ffi-1.17.2/ext/ffi_c/libffi/src/raw_api.c
libtool: compile:  gcc -DHAVE_CONFIG_H -I. -I/Users/tinh/Projects/app/app75_5/vendor/bundle/ruby/2.7.0/gems/ffi-1.17.2/ext/ffi_c/libffi -I. -I/Users/tinh/Projects/app/app75_5/vendor/bundle/ruby/2.7.0/gems/ffi-1.17.2/ext/ffi_c/libffi/include -Iinclude -I/Users/tinh/Projects/app/app75_5/vendor/bundle/ruby/2.7.0/gems/ffi-1.17.2/ext/ffi_c/libffi/src -Wall -fexceptions -c /Users/tinh/Projects/app/app75_5/vendor/bundle/ruby/2.7.0/gems/ffi-1.17.2/ext/ffi_c/libffi/src/raw_api.c  -fno-common -DPIC -o src/raw_api.o
/bin/sh ./libtool  --tag=CC   --mode=compile gcc -DHAVE_CONFIG_H -I. -I/Users/tinh/Projects/app/app75_5/vendor/bundle/ruby/2.7.0/gems/ffi-1.17.2/ext/ffi_c/libffi  -I. -I/Users/tinh/Projects/app/app75_5/vendor/bundle/ruby/2.7.0/gems/ffi-1.17.2/ext/ffi_c/libffi/include -Iinclude -I/Users/tinh/Projects/app/app75_5/vendor/bundle/ruby/2.7.0/gems/ffi-1.17.2/ext/ffi_c/libffi/src   -Wall  -fexceptions -c -o src/java_raw_api.lo /Users/tinh/Projects/app/app75_5/vendor/bundle/ruby/2.7.0/gems/ffi-1.17.2/ext/ffi_c/libffi/src/java_raw_api.c
libtool: compile:  gcc -DHAVE_CONFIG_H -I. -I/Users/tinh/Projects/app/app75_5/vendor/bundle/ruby/2.7.0/gems/ffi-1.17.2/ext/ffi_c/libffi -I. -I/Users/tinh/Projects/app/app75_5/vendor/bundle/ruby/2.7.0/gems/ffi-1.17.2/ext/ffi_c/libffi/include -Iinclude -I/Users/tinh/Projects/app/app75_5/vendor/bundle/ruby/2.7.0/gems/ffi-1.17.2/ext/ffi_c/libffi/src -Wall -fexceptions -c /Users/tinh/Projects/app/app75_5/vendor/bundle/ruby/2.7.0/gems/ffi-1.17.2/ext/ffi_c/libffi/src/java_raw_api.c  -fno-common -DPIC -o src/java_raw_api.o
/Users/tinh/Projects/app/app75_5/vendor/bundle/ruby/2.7.0/gems/ffi-1.17.2/ext/ffi_c/libffi/src/java_raw_api.c:328:46: warning: 'ffi_java_raw_size' is deprecated [-Wdeprecated-declarations]
  328 |   ffi_java_raw *raw = (ffi_java_raw*)alloca (ffi_java_raw_size (cif));
      |                                              ^
include/ffi.h:315:56: note: 'ffi_java_raw_size' has been explicitly marked deprecated here
  315 | size_t ffi_java_raw_size (ffi_cif *cif) __attribute__((deprecated));
      |                                                        ^
/Users/tinh/Projects/app/app75_5/vendor/bundle/ruby/2.7.0/gems/ffi-1.17.2/ext/ffi_c/libffi/src/java_raw_api.c:331:3: warning: 'ffi_java_ptrarray_to_raw' is deprecated [-Wdeprecated-declarations]
  331 |   ffi_java_ptrarray_to_raw (cif, avalue, raw);
      |   ^
include/ffi.h:311:93: note: 'ffi_java_ptrarray_to_raw' has been explicitly marked deprecated here
  311 | void ffi_java_ptrarray_to_raw (ffi_cif *cif, void **args, ffi_java_raw *raw) __attribute__((deprecated));
      |                                                                                             ^
2 warnings generated.
/bin/sh ./libtool  --tag=CC   --mode=compile gcc -DHAVE_CONFIG_H -I. -I/Users/tinh/Projects/app/app75_5/vendor/bundle/ruby/2.7.0/gems/ffi-1.17.2/ext/ffi_c/libffi  -I. -I/Users/tinh/Projects/app/app75_5/vendor/bundle/ruby/2.7.0/gems/ffi-1.17.2/ext/ffi_c/libffi/include -Iinclude -I/Users/tinh/Projects/app/app75_5/vendor/bundle/ruby/2.7.0/gems/ffi-1.17.2/ext/ffi_c/libffi/src   -Wall  -fexceptions -c -o src/closures.lo /Users/tinh/Projects/app/app75_5/vendor/bundle/ruby/2.7.0/gems/ffi-1.17.2/ext/ffi_c/libffi/src/closures.c
libtool: compile:  gcc -DHAVE_CONFIG_H -I. -I/Users/tinh/Projects/app/app75_5/vendor/bundle/ruby/2.7.0/gems/ffi-1.17.2/ext/ffi_c/libffi -I. -I/Users/tinh/Projects/app/app75_5/vendor/bundle/ruby/2.7.0/gems/ffi-1.17.2/ext/ffi_c/libffi/include -Iinclude -I/Users/tinh/Projects/app/app75_5/vendor/bundle/ruby/2.7.0/gems/ffi-1.17.2/ext/ffi_c/libffi/src -Wall -fexceptions -c /Users/tinh/Projects/app/app75_5/vendor/bundle/ruby/2.7.0/gems/ffi-1.17.2/ext/ffi_c/libffi/src/closures.c  -fno-common -DPIC -o src/closures.o
/bin/sh ./libtool  --tag=CC   --mode=compile gcc -DHAVE_CONFIG_H -I. -I/Users/tinh/Projects/app/app75_5/vendor/bundle/ruby/2.7.0/gems/ffi-1.17.2/ext/ffi_c/libffi  -I. -I/Users/tinh/Projects/app/app75_5/vendor/bundle/ruby/2.7.0/gems/ffi-1.17.2/ext/ffi_c/libffi/include -Iinclude -I/Users/tinh/Projects/app/app75_5/vendor/bundle/ruby/2.7.0/gems/ffi-1.17.2/ext/ffi_c/libffi/src   -Wall  -fexceptions -c -o src/tramp.lo /Users/tinh/Projects/app/app75_5/vendor/bundle/ruby/2.7.0/gems/ffi-1.17.2/ext/ffi_c/libffi/src/tramp.c
libtool: compile:  gcc -DHAVE_CONFIG_H -I. -I/Users/tinh/Projects/app/app75_5/vendor/bundle/ruby/2.7.0/gems/ffi-1.17.2/ext/ffi_c/libffi -I. -I/Users/tinh/Projects/app/app75_5/vendor/bundle/ruby/2.7.0/gems/ffi-1.17.2/ext/ffi_c/libffi/include -Iinclude -I/Users/tinh/Projects/app/app75_5/vendor/bundle/ruby/2.7.0/gems/ffi-1.17.2/ext/ffi_c/libffi/src -Wall -fexceptions -c /Users/tinh/Projects/app/app75_5/vendor/bundle/ruby/2.7.0/gems/ffi-1.17.2/ext/ffi_c/libffi/src/tramp.c  -fno-common -DPIC -o src/tramp.o
/bin/sh ./libtool  --tag=CC   --mode=compile gcc -DHAVE_CONFIG_H -I. -I/Users/tinh/Projects/app/app75_5/vendor/bundle/ruby/2.7.0/gems/ffi-1.17.2/ext/ffi_c/libffi  -I. -I/Users/tinh/Projects/app/app75_5/vendor/bundle/ruby/2.7.0/gems/ffi-1.17.2/ext/ffi_c/libffi/include -Iinclude -I/Users/tinh/Projects/app/app75_5/vendor/bundle/ruby/2.7.0/gems/ffi-1.17.2/ext/ffi_c/libffi/src   -Wall  -fexceptions -c -o src/x86/ffi64.lo /Users/tinh/Projects/app/app75_5/vendor/bundle/ruby/2.7.0/gems/ffi-1.17.2/ext/ffi_c/libffi/src/x86/ffi64.c
libtool: compile:  gcc -DHAVE_CONFIG_H -I. -I/Users/tinh/Projects/app/app75_5/vendor/bundle/ruby/2.7.0/gems/ffi-1.17.2/ext/ffi_c/libffi -I. -I/Users/tinh/Projects/app/app75_5/vendor/bundle/ruby/2.7.0/gems/ffi-1.17.2/ext/ffi_c/libffi/include -Iinclude -I/Users/tinh/Projects/app/app75_5/vendor/bundle/ruby/2.7.0/gems/ffi-1.17.2/ext/ffi_c/libffi/src -Wall -fexceptions -c /Users/tinh/Projects/app/app75_5/vendor/bundle/ruby/2.7.0/gems/ffi-1.17.2/ext/ffi_c/libffi/src/x86/ffi64.c  -fno-common -DPIC -o src/x86/ffi64.o
/bin/sh ./libtool  --tag=CC   --mode=compile gcc -DHAVE_CONFIG_H -I. -I/Users/tinh/Projects/app/app75_5/vendor/bundle/ruby/2.7.0/gems/ffi-1.17.2/ext/ffi_c/libffi  -I. -I/Users/tinh/Projects/app/app75_5/vendor/bundle/ruby/2.7.0/gems/ffi-1.17.2/ext/ffi_c/libffi/include -Iinclude -I/Users/tinh/Projects/app/app75_5/vendor/bundle/ruby/2.7.0/gems/ffi-1.17.2/ext/ffi_c/libffi/src  -I. -I/Users/tinh/Projects/app/app75_5/vendor/bundle/ruby/2.7.0/gems/ffi-1.17.2/ext/ffi_c/libffi/include -Iinclude -I/Users/tinh/Projects/app/app75_5/vendor/bundle/ruby/2.7.0/gems/ffi-1.17.2/ext/ffi_c/libffi/src  -c -o src/x86/unix64.lo /Users/tinh/Projects/app/app75_5/vendor/bundle/ruby/2.7.0/gems/ffi-1.17.2/ext/ffi_c/libffi/src/x86/unix64.S
libtool: compile:  gcc -DHAVE_CONFIG_H -I. -I/Users/tinh/Projects/app/app75_5/vendor/bundle/ruby/2.7.0/gems/ffi-1.17.2/ext/ffi_c/libffi -I. -I/Users/tinh/Projects/app/app75_5/vendor/bundle/ruby/2.7.0/gems/ffi-1.17.2/ext/ffi_c/libffi/include -Iinclude -I/Users/tinh/Projects/app/app75_5/vendor/bundle/ruby/2.7.0/gems/ffi-1.17.2/ext/ffi_c/libffi/src -I. -I/Users/tinh/Projects/app/app75_5/vendor/bundle/ruby/2.7.0/gems/ffi-1.17.2/ext/ffi_c/libffi/include -Iinclude -I/Users/tinh/Projects/app/app75_5/vendor/bundle/ruby/2.7.0/gems/ffi-1.17.2/ext/ffi_c/libffi/src -c /Users/tinh/Projects/app/app75_5/vendor/bundle/ruby/2.7.0/gems/ffi-1.17.2/ext/ffi_c/libffi/src/x86/unix64.S  -fno-common -DPIC -o src/x86/unix64.o
/bin/sh ./libtool  --tag=CC   --mode=compile gcc -DHAVE_CONFIG_H -I. -I/Users/tinh/Projects/app/app75_5/vendor/bundle/ruby/2.7.0/gems/ffi-1.17.2/ext/ffi_c/libffi  -I. -I/Users/tinh/Projects/app/app75_5/vendor/bundle/ruby/2.7.0/gems/ffi-1.17.2/ext/ffi_c/libffi/include -Iinclude -I/Users/tinh/Projects/app/app75_5/vendor/bundle/ruby/2.7.0/gems/ffi-1.17.2/ext/ffi_c/libffi/src   -Wall  -fexceptions -c -o src/x86/ffiw64.lo /Users/tinh/Projects/app/app75_5/vendor/bundle/ruby/2.7.0/gems/ffi-1.17.2/ext/ffi_c/libffi/src/x86/ffiw64.c
libtool: compile:  gcc -DHAVE_CONFIG_H -I. -I/Users/tinh/Projects/app/app75_5/vendor/bundle/ruby/2.7.0/gems/ffi-1.17.2/ext/ffi_c/libffi -I. -I/Users/tinh/Projects/app/app75_5/vendor/bundle/ruby/2.7.0/gems/ffi-1.17.2/ext/ffi_c/libffi/include -Iinclude -I/Users/tinh/Projects/app/app75_5/vendor/bundle/ruby/2.7.0/gems/ffi-1.17.2/ext/ffi_c/libffi/src -Wall -fexceptions -c /Users/tinh/Projects/app/app75_5/vendor/bundle/ruby/2.7.0/gems/ffi-1.17.2/ext/ffi_c/libffi/src/x86/ffiw64.c  -fno-common -DPIC -o src/x86/ffiw64.o
/bin/sh ./libtool  --tag=CC   --mode=compile gcc -DHAVE_CONFIG_H -I. -I/Users/tinh/Projects/app/app75_5/vendor/bundle/ruby/2.7.0/gems/ffi-1.17.2/ext/ffi_c/libffi  -I. -I/Users/tinh/Projects/app/app75_5/vendor/bundle/ruby/2.7.0/gems/ffi-1.17.2/ext/ffi_c/libffi/include -Iinclude -I/Users/tinh/Projects/app/app75_5/vendor/bundle/ruby/2.7.0/gems/ffi-1.17.2/ext/ffi_c/libffi/src  -I. -I/Users/tinh/Projects/app/app75_5/vendor/bundle/ruby/2.7.0/gems/ffi-1.17.2/ext/ffi_c/libffi/include -Iinclude -I/Users/tinh/Projects/app/app75_5/vendor/bundle/ruby/2.7.0/gems/ffi-1.17.2/ext/ffi_c/libffi/src  -c -o src/x86/win64.lo /Users/tinh/Projects/app/app75_5/vendor/bundle/ruby/2.7.0/gems/ffi-1.17.2/ext/ffi_c/libffi/src/x86/win64.S
libtool: compile:  gcc -DHAVE_CONFIG_H -I. -I/Users/tinh/Projects/app/app75_5/vendor/bundle/ruby/2.7.0/gems/ffi-1.17.2/ext/ffi_c/libffi -I. -I/Users/tinh/Projects/app/app75_5/vendor/bundle/ruby/2.7.0/gems/ffi-1.17.2/ext/ffi_c/libffi/include -Iinclude -I/Users/tinh/Projects/app/app75_5/vendor/bundle/ruby/2.7.0/gems/ffi-1.17.2/ext/ffi_c/libffi/src -I. -I/Users/tinh/Projects/app/app75_5/vendor/bundle/ruby/2.7.0/gems/ffi-1.17.2/ext/ffi_c/libffi/include -Iinclude -I/Users/tinh/Projects/app/app75_5/vendor/bundle/ruby/2.7.0/gems/ffi-1.17.2/ext/ffi_c/libffi/src -c /Users/tinh/Projects/app/app75_5/vendor/bundle/ruby/2.7.0/gems/ffi-1.17.2/ext/ffi_c/libffi/src/x86/win64.S  -fno-common -DPIC -o src/x86/win64.o
/bin/sh ./libtool  --tag=CC   --mode=link gcc  -Wall  -fexceptions   -o libffi_convenience.la  src/prep_cif.lo src/types.lo src/raw_api.lo src/java_raw_api.lo src/closures.lo src/tramp.lo   src/x86/ffi64.lo src/x86/unix64.lo src/x86/ffiw64.lo src/x86/win64.lo 
libtool: link: ar cr .libs/libffi_convenience.a  src/prep_cif.o src/types.o src/raw_api.o src/java_raw_api.o src/closures.o src/tramp.o src/x86/ffi64.o src/x86/unix64.o src/x86/ffiw64.o src/x86/win64.o
libtool: link: ranlib .libs/libffi_convenience.a
libtool: link: ( cd ".libs" && rm -f "libffi_convenience.la" && ln -s "../libffi_convenience.la" "libffi_convenience.la" )
/bin/sh ./libtool  --tag=CC   --mode=link gcc  -Wall  -fexceptions -no-undefined -version-info `grep -v '^#' /Users/tinh/Projects/app/app75_5/vendor/bundle/ruby/2.7.0/gems/ffi-1.17.2/ext/ffi_c/libffi/libtool-version`     -o libffi.la -rpath /usr/local/lib src/prep_cif.lo src/types.lo src/raw_api.lo src/java_raw_api.lo src/closures.lo src/tramp.lo  src/x86/ffi64.lo src/x86/unix64.lo src/x86/ffiw64.lo src/x86/win64.lo 
libtool: link: ar cr .libs/libffi.a  src/prep_cif.o src/types.o src/raw_api.o src/java_raw_api.o src/closures.o src/tramp.o src/x86/ffi64.o src/x86/unix64.o src/x86/ffiw64.o src/x86/win64.o
libtool: link: ranlib .libs/libffi.a
libtool: link: ( cd ".libs" && rm -f "libffi.la" && ln -s "../libffi.la" "libffi.la" )
compiling AbstractMemory.c
compiling ArrayType.c
compiling Buffer.c
compiling Call.c
compiling ClosurePool.c
compiling DynamicLibrary.c
compiling Function.c
compiling FunctionInfo.c
compiling LastError.c
compiling LongDouble.c
compiling MappedType.c
compiling MemoryPointer.c
compiling MethodHandle.c
compiling Platform.c
compiling Pointer.c
compiling Struct.c
compiling StructByValue.c
compiling StructLayout.c
compiling Thread.c
compiling Type.c
compiling Types.c
compiling Variadic.c
compiling ffi.c
linking shared-object ffi_c.bundle
ld: warning: -multiply_defined is obsolete
ld: warning: alignment (1) of atom 'anon-5' (/Users/tinh/Projects/app/app75_5/vendor/bundle/ruby/2.7.0/gems/ffi-1.17.2/ext/ffi_c/libffi-x86_64-darwin22/.libs/libffi_convenience.a[9](unix64.o)) is too small and may result in unaligned pointers 
ld: warning: alignment (1) of atom 'anon-6' (/Users/tinh/Projects/app/app75_5/vendor/bundle/ruby/2.7.0/gems/ffi-1.17.2/ext/ffi_c/libffi-x86_64-darwin22/.libs/libffi_convenience.a[9](unix64.o)) is too small and may result in unaligned pointers 
ld: warning: alignment (1) of atom 'anon-7' (/Users/tinh/Projects/app/app75_5/vendor/bundle/ruby/2.7.0/gems/ffi-1.17.2/ext/ffi_c/libffi-x86_64-darwin22/.libs/libffi_convenience.a[9](unix64.o)) is too small and may result in unaligned pointers 
ld: warning: alignment (1) of atom 'anon-8' (/Users/tinh/Projects/app/app75_5/vendor/bundle/ruby/2.7.0/gems/ffi-1.17.2/ext/ffi_c/libffi-x86_64-darwin22/.libs/libffi_convenience.a[9](unix64.o)) is too small and may result in unaligned pointers 
ld: warning: alignment (1) of atom 'anon-9' (/Users/tinh/Projects/app/app75_5/vendor/bundle/ruby/2.7.0/gems/ffi-1.17.2/ext/ffi_c/libffi-x86_64-darwin22/.libs/libffi_convenience.a[9](unix64.o)) is too small and may result in unaligned pointers 

current directory: /Users/tinh/Projects/app/app75_5/vendor/bundle/ruby/2.7.0/gems/ffi-1.17.2/ext/ffi_c
make "DESTDIR=" install
cd "/Users/tinh/Projects/app/app75_5/vendor/bundle/ruby/2.7.0/gems/ffi-1.17.2/ext/ffi_c/libffi-x86_64-darwin22" && /Applications/Xcode.app/Contents/Developer/usr/bin/make
/Applications/Xcode.app/Contents/Developer/usr/bin/make  all-recursive
Making all in include
make[3]: Nothing to be done for `all'.
Making all in testsuite
make[3]: Nothing to be done for `all'.
Making all in man
make[3]: Nothing to be done for `all'.
make[3]: Nothing to be done for `all-am'.
compiling AbstractMemory.c
compiling ArrayType.c
compiling Buffer.c
compiling Call.c
compiling ClosurePool.c
compiling DynamicLibrary.c
compiling Function.c
compiling FunctionInfo.c
compiling LastError.c
compiling LongDouble.c
compiling MappedType.c
compiling MemoryPointer.c
compiling MethodHandle.c
compiling Platform.c
compiling Pointer.c
compiling Struct.c
compiling StructByValue.c
compiling StructLayout.c
compiling Thread.c
compiling Type.c
compiling Types.c
compiling Variadic.c
compiling ffi.c
linking shared-object ffi_c.bundle
ld: warning: -multiply_defined is obsolete
ld: warning: alignment (1) of atom 'anon-5' (/Users/tinh/Projects/app/app75_5/vendor/bundle/ruby/2.7.0/gems/ffi-1.17.2/ext/ffi_c/libffi-x86_64-darwin22/.libs/libffi_convenience.a[9](unix64.o)) is too small and may result in unaligned pointers 
ld: warning: alignment (1) of atom 'anon-6' (/Users/tinh/Projects/app/app75_5/vendor/bundle/ruby/2.7.0/gems/ffi-1.17.2/ext/ffi_c/libffi-x86_64-darwin22/.libs/libffi_convenience.a[9](unix64.o)) is too small and may result in unaligned pointers 
ld: warning: alignment (1) of atom 'anon-7' (/Users/tinh/Projects/app/app75_5/vendor/bundle/ruby/2.7.0/gems/ffi-1.17.2/ext/ffi_c/libffi-x86_64-darwin22/.libs/libffi_convenience.a[9](unix64.o)) is too small and may result in unaligned pointers 
ld: warning: alignment (1) of atom 'anon-8' (/Users/tinh/Projects/app/app75_5/vendor/bundle/ruby/2.7.0/gems/ffi-1.17.2/ext/ffi_c/libffi-x86_64-darwin22/.libs/libffi_convenience.a[9](unix64.o)) is too small and may result in unaligned pointers 
ld: warning: alignment (1) of atom 'anon-9' (/Users/tinh/Projects/app/app75_5/vendor/bundle/ruby/2.7.0/gems/ffi-1.17.2/ext/ffi_c/libffi-x86_64-darwin22/.libs/libffi_convenience.a[9](unix64.o)) is too small and may result in unaligned pointers 
/usr/local/opt/coreutils/bin/ginstall -c -m 0755 ffi_c.bundle ./.gem.20251123-35784-zjt6ky
